<?xml version="1.0" encoding="UTF-8"?>
<!-- Generated by org.testng.reporters.JUnitXMLReporter -->
<testsuite ignored="0" hostname="DESKTOP-53EJ0K8" failures="3" tests="9" name="Test1" time="33.405" errors="0" timestamp="2023-12-23T09:34:06 IST">
  <testcase classname="org.ProjectExec.AdactimProjExe" name="loginClick" time="19.828"/>
  <testcase classname="org.ProjectExec.AdactimProjExe" name="searchHotel" time="4.738"/>
  <testcase classname="org.ProjectExec.AdactimProjExe" name="selectHotel" time="0.952"/>
  <testcase classname="org.ProjectExec.AdactimProjExe" name="BookHotel" time="7.562">
    <failure type="java.lang.IllegalArgumentException" message="The workbook already contains a sheet named &amp;apos;sheet7&amp;apos;">
      <![CDATA[java.lang.IllegalArgumentException: The workbook already contains a sheet named 'sheet7'
at org.apache.poi.xssf.usermodel.XSSFWorkbook.validateSheetName(XSSFWorkbook.java:890)
at org.apache.poi.xssf.usermodel.XSSFWorkbook.createSheet(XSSFWorkbook.java:843)
at org.apache.poi.xssf.usermodel.XSSFWorkbook.createSheet(XSSFWorkbook.java:122)
at org.baseclass.BaseClass.excelWrite(BaseClass.java:247)
at org.PageExecution.BookHotelPageExecution.orderNo(BookHotelPageExecution.java:46)
at org.ProjectExec.AdactimProjExe.BookHotel(AdactimProjExe.java:56)
at java.base/java.util.ArrayList.forEach(ArrayList.java:1511)
... Removed 27 stack frames]]>
    </failure>
  </testcase> <!-- BookHotel -->
  <testcase classname="org.ProjectExec.SampleAssertionPgm" name="book" time="0.008"/>
  <testcase classname="org.ProjectExec.SampleAssertionPgm" name="login" time="0.005"/>
  <testcase classname="org.ProjectExec.SampleAssertionPgm" name="password" time="0.023">
    <failure type="java.lang.AssertionError" message="expected [andhraPradesh] but found [AndhraPradesh]">
      <![CDATA[java.lang.AssertionError: expected [andhraPradesh] but found [AndhraPradesh]
at org.ProjectExec.SampleAssertionPgm.password(SampleAssertionPgm.java:85)
at java.base/java.util.ArrayList.forEach(ArrayList.java:1511)
... Removed 33 stack frames]]>
    </failure>
  </testcase> <!-- password -->
  <testcase classname="org.ProjectExec.SampleAssertionPgm" name="select" time="0.0">
    <failure type="java.lang.AssertionError" message="expected [true] but found [false]">
      <![CDATA[java.lang.AssertionError: expected [true] but found [false]
at org.ProjectExec.SampleAssertionPgm.select(SampleAssertionPgm.java:98)
at java.base/java.util.ArrayList.forEach(ArrayList.java:1511)
... Removed 31 stack frames]]>
    </failure>
  </testcase> <!-- select -->
  <testcase classname="org.ProjectExec.SampleAssertionPgm" name="username" time="0.004"/>
</testsuite> <!-- Test1 -->
